0 info it worked if it ends with ok
1 verbose cli [ '/Users/zyg/Tool/node-v6.0.0-darwin-x64/bin/node',
1 verbose cli   '/usr/local/bin/npm',
1 verbose cli   'run',
1 verbose cli   'e2e' ]
2 info using npm@3.8.6
3 info using node@v6.0.0
4 verbose run-script [ 'pree2e', 'e2e', 'poste2e' ]
5 info lifecycle @~pree2e: @
6 silly lifecycle @~pree2e: no script for pree2e, continuing
7 info lifecycle @~e2e: @
8 verbose lifecycle @~e2e: unsafe-perm in lifecycle true
9 verbose lifecycle @~e2e: PATH: /usr/local/lib/node_modules/npm/bin/node-gyp-bin:/Users/zyg/Project/boss-admin/node_modules/.bin:/Users/zyg/Tool/node-v6.0.0-darwin-x64/bin:/usr/local/opt/mysql@5.5/bin:/usr/local/bin:/usr/local/bin:/usr/bin:/bin:/usr/sbin:/sbin:/usr/local/opt/mysql@5.5/bin
10 verbose lifecycle @~e2e: CWD: /Users/zyg/Project/boss-admin
11 silly lifecycle @~e2e: Args: [ '-c', 'testcafe chrome ./e2es/test.js' ]
12 silly lifecycle @~e2e: Returned: code: 1  signal: null
13 info lifecycle @~e2e: Failed to exec e2e script
14 verbose stack Error: @ e2e: `testcafe chrome ./e2es/test.js`
14 verbose stack Exit status 1
14 verbose stack     at EventEmitter.<anonymous> (/usr/local/lib/node_modules/npm/lib/utils/lifecycle.js:239:16)
14 verbose stack     at emitTwo (events.js:106:13)
14 verbose stack     at EventEmitter.emit (events.js:191:7)
14 verbose stack     at ChildProcess.<anonymous> (/usr/local/lib/node_modules/npm/lib/utils/spawn.js:24:14)
14 verbose stack     at emitTwo (events.js:106:13)
14 verbose stack     at ChildProcess.emit (events.js:191:7)
14 verbose stack     at maybeClose (internal/child_process.js:850:16)
14 verbose stack     at Process.ChildProcess._handle.onexit (internal/child_process.js:215:5)
15 verbose pkgid @
16 verbose cwd /Users/zyg/Project/boss-admin
17 error Darwin 16.4.0
18 error argv "/Users/zyg/Tool/node-v6.0.0-darwin-x64/bin/node" "/usr/local/bin/npm" "run" "e2e"
19 error node v6.0.0
20 error npm  v3.8.6
21 error code ELIFECYCLE
22 error @ e2e: `testcafe chrome ./e2es/test.js`
22 error Exit status 1
23 error Failed at the @ e2e script 'testcafe chrome ./e2es/test.js'.
23 error Make sure you have the latest version of node.js and npm installed.
23 error If you do, this is most likely a problem with the  package,
23 error not with npm itself.
23 error Tell the author that this fails on your system:
23 error     testcafe chrome ./e2es/test.js
23 error You can get information on how to open an issue for this project with:
23 error     npm bugs
23 error Or if that isn't available, you can get their info via:
23 error     npm owner ls
23 error There is likely additional logging output above.
24 verbose exit [ 1, true ]
